<?xml version="1.0" encoding="UTF-8"?>
<testsuite xmlns:xsi="http://www.w3.org/2001/XMLSchema-instance" xsi:noNamespaceSchemaLocation="https://maven.apache.org/surefire/maven-surefire-plugin/xsd/surefire-test-report-3.0.xsd" version="3.0" name="com.ntz.websocket.WebSocketApplicationTests" time="2.944" tests="1" errors="0" skipped="0" failures="0">
  <properties>
[...]
</properties>
  <testcase name="contextLoads" classname="com.ntz.websocket.WebSocketApplicationTests" time="0.829">
    <system-out><![CDATA[17:09:22.478 [main] INFO org.springframework.test.context.support.AnnotationConfigContextLoaderUtils -- Could not detect default configuration classes for test class [com.ntz.websocket.WebSocketApplicationTests]: WebSocketApplicationTests does not declare any static, non-private, non-final, nested classes annotated with @Configuration.
17:09:22.611 [main] INFO org.springframework.boot.test.context.SpringBootTestContextBootstrapper -- Found @SpringBootConfiguration com.ntz.websocket.WebSocketApplication for test class com.ntz.websocket.WebSocketApplicationTests

  .   ____          _            __ _ _
 /\\ / ___'_ __ _ _(_)_ __  __ _ \ \ \ \
( ( )\___ | '_ | '_| | '_ \/ _` | \ \ \ \
 \\/  ___)| |_)| | | | | || (_| |  ) ) ) )
  '  |____| .__|_| |_|_| |_\__, | / / / /
 =========|_|==============|___/=/_/_/_/
 :: Spring Boot ::                (v3.1.6)

2023-12-13T17:09:23.142+05:30  INFO 18044 --- [           main] c.n.websocket.WebSocketApplicationTests  : Starting WebSocketApplicationTests using Java 20 with PID 18044 (started by mhdja in C:\Users\mhdja\IdeaProjects\SpringBoot\WebSocket\WebSocket)
2023-12-13T17:09:23.144+05:30  INFO 18044 --- [           main] c.n.websocket.WebSocketApplicationTests  : No active profile set, falling back to 1 default profile: "default"
2023-12-13T17:09:24.258+05:30  INFO 18044 --- [           main] o.s.b.a.w.s.WelcomePageHandlerMapping    : Adding welcome page: class path resource [static/index.html]
2023-12-13T17:09:24.358+05:30  INFO 18044 --- [           main] o.s.m.s.b.SimpleBrokerMessageHandler     : Starting...
2023-12-13T17:09:24.362+05:30  INFO 18044 --- [           main] o.s.m.s.b.SimpleBrokerMessageHandler     : BrokerAvailabilityEvent[available=true, SimpleBrokerMessageHandler [org.springframework.messaging.simp.broker.DefaultSubscriptionRegistry@63cf9de0]]
2023-12-13T17:09:24.363+05:30  INFO 18044 --- [           main] o.s.m.s.b.SimpleBrokerMessageHandler     : Started.
2023-12-13T17:09:24.372+05:30  INFO 18044 --- [           main] c.n.websocket.WebSocketApplicationTests  : Started WebSocketApplicationTests in 1.552 seconds (process running for 2.732)
]]></system-out>
  </testcase>
</testsuite>